[2021-02-26 10:52:50] local.ERROR: Trying to get property 'access_type' of non-object {"exception":"[object] (ErrorException(code: 0): Trying to get property 'access_type' of non-object at M:\\Web\\XAMPP\\htdocs\\KTPManager\\app\\Http\\Controllers\\MainController.php:14)
[stacktrace]
#0 M:\\Web\\XAMPP\\htdocs\\KTPManager\\app\\Http\\Controllers\\MainController.php(14): Illuminate\\Foundation\\Bootstrap\\HandleExceptions->handleError(8, 'Trying to get p...', 'M:\\\\Web\\\\XAMPP\\\\ht...', 14, Array)
#1 [internal function]: App\\Http\\Controllers\\MainController->index()
#2 M:\\Web\\XAMPP\\htdocs\\KTPManager\\vendor\\laravel\\framework\\src\\Illuminate\\Routing\\Controller.php(54): call_user_func_array(Array, Array)
#3 M:\\Web\\XAMPP\\htdocs\\KTPManager\\vendor\\laravel\\framework\\src\\Illuminate\\Routing\\ControllerDispatcher.php(45): Illuminate\\Routing\\Controller->callAction('index', Array)
#4 M:\\Web\\XAMPP\\htdocs\\KTPManager\\vendor\\laravel\\framework\\src\\Illuminate\\Routing\\Route.php(219): Illuminate\\Routing\\ControllerDispatcher->dispatch(Object(Illuminate\\Routing\\Route), Object(App\\Http\\Controllers\\MainController), 'index')
#5 M:\\Web\\XAMPP\\htdocs\\KTPManager\\vendor\\laravel\\framework\\src\\Illuminate\\Routing\\Route.php(176): Illuminate\\Routing\\Route->runController()
#6 M:\\Web\\XAMPP\\htdocs\\KTPManager\\vendor\\laravel\\framework\\src\\Illuminate\\Routing\\Router.php(682): Illuminate\\Routing\\Route->run()
#7 M:\\Web\\XAMPP\\htdocs\\KTPManager\\vendor\\laravel\\framework\\src\\Illuminate\\Routing\\Pipeline.php(30): Illuminate\\Routing\\Router->Illuminate\\Routing\\{closure}(Object(Illuminate\\Http\\Request))
#8 M:\\Web\\XAMPP\\htdocs\\KTPManager\\vendor\\laravel\\framework\\src\\Illuminate\\Routing\\Middleware\\SubstituteBindings.php(41): Illuminate\\Routing\\Pipeline->Illuminate\\Routing\\{closure}(Object(Illuminate\\Http\\Request))
#9 M:\\Web\\XAMPP\\htdocs\\KTPManager\\vendor\\laravel\\framework\\src\\Illuminate\\Pipeline\\Pipeline.php(163): Illuminate\\Routing\\Middleware\\SubstituteBindings->handle(Object(Illuminate\\Http\\Request), Object(Closure))
#10 M:\\Web\\XAMPP\\htdocs\\KTPManager\\vendor\\laravel\\framework\\src\\Illuminate\\Routing\\Pipeline.php(53): Illuminate\\Pipeline\\Pipeline->Illuminate\\Pipeline\\{closure}(Object(Illuminate\\Http\\Request))
#11 M:\\Web\\XAMPP\\htdocs\\KTPManager\\vendor\\laravel\\framework\\src\\Illuminate\\Foundation\\Http\\Middleware\\VerifyCsrfToken.php(75): Illuminate\\Routing\\Pipeline->Illuminate\\Routing\\{closure}(Object(Illuminate\\Http\\Request))
#12 M:\\Web\\XAMPP\\htdocs\\KTPManager\\vendor\\laravel\\framework\\src\\Illuminate\\Pipeline\\Pipeline.php(163): Illuminate\\Foundation\\Http\\Middleware\\VerifyCsrfToken->handle(Object(Illuminate\\Http\\Request), Object(Closure))
#13 M:\\Web\\XAMPP\\htdocs\\KTPManager\\vendor\\laravel\\framework\\src\\Illuminate\\Routing\\Pipeline.php(53): Illuminate\\Pipeline\\Pipeline->Illuminate\\Pipeline\\{closure}(Object(Illuminate\\Http\\Request))
#14 M:\\Web\\XAMPP\\htdocs\\KTPManager\\vendor\\laravel\\framework\\src\\Illuminate\\View\\Middleware\\ShareErrorsFromSession.php(49): Illuminate\\Routing\\Pipeline->Illuminate\\Routing\\{closure}(Object(Illuminate\\Http\\Request))
#15 M:\\Web\\XAMPP\\htdocs\\KTPManager\\vendor\\laravel\\framework\\src\\Illuminate\\Pipeline\\Pipeline.php(163): Illuminate\\View\\Middleware\\ShareErrorsFromSession->handle(Object(Illuminate\\Http\\Request), Object(Closure))
#16 M:\\Web\\XAMPP\\htdocs\\KTPManager\\vendor\\laravel\\framework\\src\\Illuminate\\Routing\\Pipeline.php(53): Illuminate\\Pipeline\\Pipeline->Illuminate\\Pipeline\\{closure}(Object(Illuminate\\Http\\Request))
#17 M:\\Web\\XAMPP\\htdocs\\KTPManager\\vendor\\laravel\\framework\\src\\Illuminate\\Session\\Middleware\\StartSession.php(63): Illuminate\\Routing\\Pipeline->Illuminate\\Routing\\{closure}(Object(Illuminate\\Http\\Request))
#18 M:\\Web\\XAMPP\\htdocs\\KTPManager\\vendor\\laravel\\framework\\src\\Illuminate\\Pipeline\\Pipeline.php(163): Illuminate\\Session\\Middleware\\StartSession->handle(Object(Illuminate\\Http\\Request), Object(Closure))
#19 M:\\Web\\XAMPP\\htdocs\\KTPManager\\vendor\\laravel\\framework\\src\\Illuminate\\Routing\\Pipeline.php(53): Illuminate\\Pipeline\\Pipeline->Illuminate\\Pipeline\\{closure}(Object(Illuminate\\Http\\Request))
#20 M:\\Web\\XAMPP\\htdocs\\KTPManager\\vendor\\laravel\\framework\\src\\Illuminate\\Cookie\\Middleware\\AddQueuedCookiesToResponse.php(37): Illuminate\\Routing\\Pipeline->Illuminate\\Routing\\{closure}(Object(Illuminate\\Http\\Request))
#21 M:\\Web\\XAMPP\\htdocs\\KTPManager\\vendor\\laravel\\framework\\src\\Illuminate\\Pipeline\\Pipeline.php(163): Illuminate\\Cookie\\Middleware\\AddQueuedCookiesToResponse->handle(Object(Illuminate\\Http\\Request), Object(Closure))
#22 M:\\Web\\XAMPP\\htdocs\\KTPManager\\vendor\\laravel\\framework\\src\\Illuminate\\Routing\\Pipeline.php(53): Illuminate\\Pipeline\\Pipeline->Illuminate\\Pipeline\\{closure}(Object(Illuminate\\Http\\Request))
#23 M:\\Web\\XAMPP\\htdocs\\KTPManager\\vendor\\laravel\\framework\\src\\Illuminate\\Cookie\\Middleware\\EncryptCookies.php(66): Illuminate\\Routing\\Pipeline->Illuminate\\Routing\\{closure}(Object(Illuminate\\Http\\Request))
#24 M:\\Web\\XAMPP\\htdocs\\KTPManager\\vendor\\laravel\\framework\\src\\Illuminate\\Pipeline\\Pipeline.php(163): Illuminate\\Cookie\\Middleware\\EncryptCookies->handle(Object(Illuminate\\Http\\Request), Object(Closure))
#25 M:\\Web\\XAMPP\\htdocs\\KTPManager\\vendor\\laravel\\framework\\src\\Illuminate\\Routing\\Pipeline.php(53): Illuminate\\Pipeline\\Pipeline->Illuminate\\Pipeline\\{closure}(Object(Illuminate\\Http\\Request))
#26 M:\\Web\\XAMPP\\htdocs\\KTPManager\\vendor\\laravel\\framework\\src\\Illuminate\\Pipeline\\Pipeline.php(104): Illuminate\\Routing\\Pipeline->Illuminate\\Routing\\{closure}(Object(Illuminate\\Http\\Request))
#27 M:\\Web\\XAMPP\\htdocs\\KTPManager\\vendor\\laravel\\framework\\src\\Illuminate\\Routing\\Router.php(684): Illuminate\\Pipeline\\Pipeline->then(Object(Closure))
#28 M:\\Web\\XAMPP\\htdocs\\KTPManager\\vendor\\laravel\\framework\\src\\Illuminate\\Routing\\Router.php(659): Illuminate\\Routing\\Router->runRouteWithinStack(Object(Illuminate\\Routing\\Route), Object(Illuminate\\Http\\Request))
#29 M:\\Web\\XAMPP\\htdocs\\KTPManager\\vendor\\laravel\\framework\\src\\Illuminate\\Routing\\Router.php(625): Illuminate\\Routing\\Router->runRoute(Object(Illuminate\\Http\\Request), Object(Illuminate\\Routing\\Route))
#30 M:\\Web\\XAMPP\\htdocs\\KTPManager\\vendor\\laravel\\framework\\src\\Illuminate\\Routing\\Router.php(614): Illuminate\\Routing\\Router->dispatchToRoute(Object(Illuminate\\Http\\Request))
#31 M:\\Web\\XAMPP\\htdocs\\KTPManager\\vendor\\laravel\\framework\\src\\Illuminate\\Foundation\\Http\\Kernel.php(176): Illuminate\\Routing\\Router->dispatch(Object(Illuminate\\Http\\Request))
#32 M:\\Web\\XAMPP\\htdocs\\KTPManager\\vendor\\laravel\\framework\\src\\Illuminate\\Routing\\Pipeline.php(30): Illuminate\\Foundation\\Http\\Kernel->Illuminate\\Foundation\\Http\\{closure}(Object(Illuminate\\Http\\Request))
#33 M:\\Web\\XAMPP\\htdocs\\KTPManager\\vendor\\fideloper\\proxy\\src\\TrustProxies.php(57): Illuminate\\Routing\\Pipeline->Illuminate\\Routing\\{closure}(Object(Illuminate\\Http\\Request))
#34 M:\\Web\\XAMPP\\htdocs\\KTPManager\\vendor\\laravel\\framework\\src\\Illuminate\\Pipeline\\Pipeline.php(163): Fideloper\\Proxy\\TrustProxies->handle(Object(Illuminate\\Http\\Request), Object(Closure))
#35 M:\\Web\\XAMPP\\htdocs\\KTPManager\\vendor\\laravel\\framework\\src\\Illuminate\\Routing\\Pipeline.php(53): Illuminate\\Pipeline\\Pipeline->Illuminate\\Pipeline\\{closure}(Object(Illuminate\\Http\\Request))
#36 M:\\Web\\XAMPP\\htdocs\\KTPManager\\vendor\\laravel\\framework\\src\\Illuminate\\Foundation\\Http\\Middleware\\TransformsRequest.php(31): Illuminate\\Routing\\Pipeline->Illuminate\\Routing\\{closure}(Object(Illuminate\\Http\\Request))
#37 M:\\Web\\XAMPP\\htdocs\\KTPManager\\vendor\\laravel\\framework\\src\\Illuminate\\Pipeline\\Pipeline.php(163): Illuminate\\Foundation\\Http\\Middleware\\TransformsRequest->handle(Object(Illuminate\\Http\\Request), Object(Closure))
#38 M:\\Web\\XAMPP\\htdocs\\KTPManager\\vendor\\laravel\\framework\\src\\Illuminate\\Routing\\Pipeline.php(53): Illuminate\\Pipeline\\Pipeline->Illuminate\\Pipeline\\{closure}(Object(Illuminate\\Http\\Request))
#39 M:\\Web\\XAMPP\\htdocs\\KTPManager\\vendor\\laravel\\framework\\src\\Illuminate\\Foundation\\Http\\Middleware\\TransformsRequest.php(31): Illuminate\\Routing\\Pipeline->Illuminate\\Routing\\{closure}(Object(Illuminate\\Http\\Request))
#40 M:\\Web\\XAMPP\\htdocs\\KTPManager\\vendor\\laravel\\framework\\src\\Illuminate\\Pipeline\\Pipeline.php(163): Illuminate\\Foundation\\Http\\Middleware\\TransformsRequest->handle(Object(Illuminate\\Http\\Request), Object(Closure))
#41 M:\\Web\\XAMPP\\htdocs\\KTPManager\\vendor\\laravel\\framework\\src\\Illuminate\\Routing\\Pipeline.php(53): Illuminate\\Pipeline\\Pipeline->Illuminate\\Pipeline\\{closure}(Object(Illuminate\\Http\\Request))
#42 M:\\Web\\XAMPP\\htdocs\\KTPManager\\vendor\\laravel\\framework\\src\\Illuminate\\Foundation\\Http\\Middleware\\ValidatePostSize.php(27): Illuminate\\Routing\\Pipeline->Illuminate\\Routing\\{closure}(Object(Illuminate\\Http\\Request))
#43 M:\\Web\\XAMPP\\htdocs\\KTPManager\\vendor\\laravel\\framework\\src\\Illuminate\\Pipeline\\Pipeline.php(163): Illuminate\\Foundation\\Http\\Middleware\\ValidatePostSize->handle(Object(Illuminate\\Http\\Request), Object(Closure))
#44 M:\\Web\\XAMPP\\htdocs\\KTPManager\\vendor\\laravel\\framework\\src\\Illuminate\\Routing\\Pipeline.php(53): Illuminate\\Pipeline\\Pipeline->Illuminate\\Pipeline\\{closure}(Object(Illuminate\\Http\\Request))
#45 M:\\Web\\XAMPP\\htdocs\\KTPManager\\vendor\\laravel\\framework\\src\\Illuminate\\Foundation\\Http\\Middleware\\CheckForMaintenanceMode.php(62): Illuminate\\Routing\\Pipeline->Illuminate\\Routing\\{closure}(Object(Illuminate\\Http\\Request))
#46 M:\\Web\\XAMPP\\htdocs\\KTPManager\\vendor\\laravel\\framework\\src\\Illuminate\\Pipeline\\Pipeline.php(163): Illuminate\\Foundation\\Http\\Middleware\\CheckForMaintenanceMode->handle(Object(Illuminate\\Http\\Request), Object(Closure))
#47 M:\\Web\\XAMPP\\htdocs\\KTPManager\\vendor\\laravel\\framework\\src\\Illuminate\\Routing\\Pipeline.php(53): Illuminate\\Pipeline\\Pipeline->Illuminate\\Pipeline\\{closure}(Object(Illuminate\\Http\\Request))
#48 M:\\Web\\XAMPP\\htdocs\\KTPManager\\vendor\\laravel\\framework\\src\\Illuminate\\Pipeline\\Pipeline.php(104): Illuminate\\Routing\\Pipeline->Illuminate\\Routing\\{closure}(Object(Illuminate\\Http\\Request))
#49 M:\\Web\\XAMPP\\htdocs\\KTPManager\\vendor\\laravel\\framework\\src\\Illuminate\\Foundation\\Http\\Kernel.php(151): Illuminate\\Pipeline\\Pipeline->then(Object(Closure))
#50 M:\\Web\\XAMPP\\htdocs\\KTPManager\\vendor\\laravel\\framework\\src\\Illuminate\\Foundation\\Http\\Kernel.php(116): Illuminate\\Foundation\\Http\\Kernel->sendRequestThroughRouter(Object(Illuminate\\Http\\Request))
#51 M:\\Web\\XAMPP\\htdocs\\KTPManager\\public\\index.php(55): Illuminate\\Foundation\\Http\\Kernel->handle(Object(Illuminate\\Http\\Request))
#52 {main}
"} 
[2021-02-26 10:56:35] local.ERROR: Method Illuminate\Routing\Route::middleman does not exist. {"exception":"[object] (BadMethodCallException(code: 0): Method Illuminate\\Routing\\Route::middleman does not exist. at M:\\Web\\XAMPP\\htdocs\\KTPManager\\vendor\\laravel\\framework\\src\\Illuminate\\Support\\Traits\\Macroable.php:100)
[stacktrace]
#0 M:\\Web\\XAMPP\\htdocs\\KTPManager\outes\\web.php(18): Illuminate\\Routing\\Route->__call('middleman', Array)
#1 M:\\Web\\XAMPP\\htdocs\\KTPManager\\vendor\\laravel\\framework\\src\\Illuminate\\Routing\\Router.php(417): require('M:\\\\Web\\\\XAMPP\\\\ht...')
#2 M:\\Web\\XAMPP\\htdocs\\KTPManager\\vendor\\laravel\\framework\\src\\Illuminate\\Routing\\Router.php(373): Illuminate\\Routing\\Router->loadRoutes('M:\\\\Web\\\\XAMPP\\\\ht...')
#3 M:\\Web\\XAMPP\\htdocs\\KTPManager\\vendor\\laravel\\framework\\src\\Illuminate\\Routing\\RouteRegistrar.php(121): Illuminate\\Routing\\Router->group(Array, 'M:\\\\Web\\\\XAMPP\\\\ht...')
#4 M:\\Web\\XAMPP\\htdocs\\KTPManager\\app\\Providers\\RouteServiceProvider.php(56): Illuminate\\Routing\\RouteRegistrar->group('M:\\\\Web\\\\XAMPP\\\\ht...')
#5 M:\\Web\\XAMPP\\htdocs\\KTPManager\\app\\Providers\\RouteServiceProvider.php(40): App\\Providers\\RouteServiceProvider->mapWebRoutes()
#6 [internal function]: App\\Providers\\RouteServiceProvider->map()
#7 M:\\Web\\XAMPP\\htdocs\\KTPManager\\vendor\\laravel\\framework\\src\\Illuminate\\Container\\BoundMethod.php(29): call_user_func_array(Array, Array)
#8 M:\\Web\\XAMPP\\htdocs\\KTPManager\\vendor\\laravel\\framework\\src\\Illuminate\\Container\\BoundMethod.php(87): Illuminate\\Container\\BoundMethod::Illuminate\\Container\\{closure}()
#9 M:\\Web\\XAMPP\\htdocs\\KTPManager\\vendor\\laravel\\framework\\src\\Illuminate\\Container\\BoundMethod.php(31): Illuminate\\Container\\BoundMethod::callBoundMethod(Object(Illuminate\\Foundation\\Application), Array, Object(Closure))
#10 M:\\Web\\XAMPP\\htdocs\\KTPManager\\vendor\\laravel\\framework\\src\\Illuminate\\Container\\Container.php(572): Illuminate\\Container\\BoundMethod::call(Object(Illuminate\\Foundation\\Application), Array, Array, NULL)
#11 M:\\Web\\XAMPP\\htdocs\\KTPManager\\vendor\\laravel\\framework\\src\\Illuminate\\Foundation\\Support\\Providers\\RouteServiceProvider.php(77): Illuminate\\Container\\Container->call(Array)
#12 M:\\Web\\XAMPP\\htdocs\\KTPManager\\vendor\\laravel\\framework\\src\\Illuminate\\Foundation\\Support\\Providers\\RouteServiceProvider.php(36): Illuminate\\Foundation\\Support\\Providers\\RouteServiceProvider->loadRoutes()
#13 M:\\Web\\XAMPP\\htdocs\\KTPManager\\app\\Providers\\RouteServiceProvider.php(28): Illuminate\\Foundation\\Support\\Providers\\RouteServiceProvider->boot()
#14 [internal function]: App\\Providers\\RouteServiceProvider->boot()
#15 M:\\Web\\XAMPP\\htdocs\\KTPManager\\vendor\\laravel\\framework\\src\\Illuminate\\Container\\BoundMethod.php(29): call_user_func_array(Array, Array)
#16 M:\\Web\\XAMPP\\htdocs\\KTPManager\\vendor\\laravel\\framework\\src\\Illuminate\\Container\\BoundMethod.php(87): Illuminate\\Container\\BoundMethod::Illuminate\\Container\\{closure}()
#17 M:\\Web\\XAMPP\\htdocs\\KTPManager\\vendor\\laravel\\framework\\src\\Illuminate\\Container\\BoundMethod.php(31): Illuminate\\Container\\BoundMethod::callBoundMethod(Object(Illuminate\\Foundation\\Application), Array, Object(Closure))
#18 M:\\Web\\XAMPP\\htdocs\\KTPManager\\vendor\\laravel\\framework\\src\\Illuminate\\Container\\Container.php(572): Illuminate\\Container\\BoundMethod::call(Object(Illuminate\\Foundation\\Application), Array, Array, NULL)
#19 M:\\Web\\XAMPP\\htdocs\\KTPManager\\vendor\\laravel\\framework\\src\\Illuminate\\Foundation\\Application.php(819): Illuminate\\Container\\Container->call(Array)
#20 M:\\Web\\XAMPP\\htdocs\\KTPManager\\vendor\\laravel\\framework\\src\\Illuminate\\Foundation\\Application.php(802): Illuminate\\Foundation\\Application->bootProvider(Object(App\\Providers\\RouteServiceProvider))
#21 [internal function]: Illuminate\\Foundation\\Application->Illuminate\\Foundation\\{closure}(Object(App\\Providers\\RouteServiceProvider), 22)
#22 M:\\Web\\XAMPP\\htdocs\\KTPManager\\vendor\\laravel\\framework\\src\\Illuminate\\Foundation\\Application.php(803): array_walk(Array, Object(Closure))
#23 M:\\Web\\XAMPP\\htdocs\\KTPManager\\vendor\\laravel\\framework\\src\\Illuminate\\Foundation\\Bootstrap\\BootProviders.php(17): Illuminate\\Foundation\\Application->boot()
#24 M:\\Web\\XAMPP\\htdocs\\KTPManager\\vendor\\laravel\\framework\\src\\Illuminate\\Foundation\\Application.php(211): Illuminate\\Foundation\\Bootstrap\\BootProviders->bootstrap(Object(Illuminate\\Foundation\\Application))
#25 M:\\Web\\XAMPP\\htdocs\\KTPManager\\vendor\\laravel\\framework\\src\\Illuminate\\Foundation\\Http\\Kernel.php(162): Illuminate\\Foundation\\Application->bootstrapWith(Array)
#26 M:\\Web\\XAMPP\\htdocs\\KTPManager\\vendor\\laravel\\framework\\src\\Illuminate\\Foundation\\Http\\Kernel.php(146): Illuminate\\Foundation\\Http\\Kernel->bootstrap()
#27 M:\\Web\\XAMPP\\htdocs\\KTPManager\\vendor\\laravel\\framework\\src\\Illuminate\\Foundation\\Http\\Kernel.php(116): Illuminate\\Foundation\\Http\\Kernel->sendRequestThroughRouter(Object(Illuminate\\Http\\Request))
#28 M:\\Web\\XAMPP\\htdocs\\KTPManager\\public\\index.php(55): Illuminate\\Foundation\\Http\\Kernel->handle(Object(Illuminate\\Http\\Request))
#29 {main}
"} 
[2021-02-26 10:56:56] local.ERROR: Method Illuminate\Routing\Route::midleman does not exist. {"exception":"[object] (BadMethodCallException(code: 0): Method Illuminate\\Routing\\Route::midleman does not exist. at M:\\Web\\XAMPP\\htdocs\\KTPManager\\vendor\\laravel\\framework\\src\\Illuminate\\Support\\Traits\\Macroable.php:100)
[stacktrace]
#0 M:\\Web\\XAMPP\\htdocs\\KTPManager\outes\\web.php(18): Illuminate\\Routing\\Route->__call('midleman', Array)
#1 M:\\Web\\XAMPP\\htdocs\\KTPManager\\vendor\\laravel\\framework\\src\\Illuminate\\Routing\\Router.php(417): require('M:\\\\Web\\\\XAMPP\\\\ht...')
#2 M:\\Web\\XAMPP\\htdocs\\KTPManager\\vendor\\laravel\\framework\\src\\Illuminate\\Routing\\Router.php(373): Illuminate\\Routing\\Router->loadRoutes('M:\\\\Web\\\\XAMPP\\\\ht...')
#3 M:\\Web\\XAMPP\\htdocs\\KTPManager\\vendor\\laravel\\framework\\src\\Illuminate\\Routing\\RouteRegistrar.php(121): Illuminate\\Routing\\Router->group(Array, 'M:\\\\Web\\\\XAMPP\\\\ht...')
#4 M:\\Web\\XAMPP\\htdocs\\KTPManager\\app\\Providers\\RouteServiceProvider.php(56): Illuminate\\Routing\\RouteRegistrar->group('M:\\\\Web\\\\XAMPP\\\\ht...')
#5 M:\\Web\\XAMPP\\htdocs\\KTPManager\\app\\Providers\\RouteServiceProvider.php(40): App\\Providers\\RouteServiceProvider->mapWebRoutes()
#6 [internal function]: App\\Providers\\RouteServiceProvider->map()
#7 M:\\Web\\XAMPP\\htdocs\\KTPManager\\vendor\\laravel\\framework\\src\\Illuminate\\Container\\BoundMethod.php(29): call_user_func_array(Array, Array)
#8 M:\\Web\\XAMPP\\htdocs\\KTPManager\\vendor\\laravel\\framework\\src\\Illuminate\\Container\\BoundMethod.php(87): Illuminate\\Container\\BoundMethod::Illuminate\\Container\\{closure}()
#9 M:\\Web\\XAMPP\\htdocs\\KTPManager\\vendor\\laravel\\framework\\src\\Illuminate\\Container\\BoundMethod.php(31): Illuminate\\Container\\BoundMethod::callBoundMethod(Object(Illuminate\\Foundation\\Application), Array, Object(Closure))
#10 M:\\Web\\XAMPP\\htdocs\\KTPManager\\vendor\\laravel\\framework\\src\\Illuminate\\Container\\Container.php(572): Illuminate\\Container\\BoundMethod::call(Object(Illuminate\\Foundation\\Application), Array, Array, NULL)
#11 M:\\Web\\XAMPP\\htdocs\\KTPManager\\vendor\\laravel\\framework\\src\\Illuminate\\Foundation\\Support\\Providers\\RouteServiceProvider.php(77): Illuminate\\Container\\Container->call(Array)
#12 M:\\Web\\XAMPP\\htdocs\\KTPManager\\vendor\\laravel\\framework\\src\\Illuminate\\Foundation\\Support\\Providers\\RouteServiceProvider.php(36): Illuminate\\Foundation\\Support\\Providers\\RouteServiceProvider->loadRoutes()
#13 M:\\Web\\XAMPP\\htdocs\\KTPManager\\app\\Providers\\RouteServiceProvider.php(28): Illuminate\\Foundation\\Support\\Providers\\RouteServiceProvider->boot()
#14 [internal function]: App\\Providers\\RouteServiceProvider->boot()
#15 M:\\Web\\XAMPP\\htdocs\\KTPManager\\vendor\\laravel\\framework\\src\\Illuminate\\Container\\BoundMethod.php(29): call_user_func_array(Array, Array)
#16 M:\\Web\\XAMPP\\htdocs\\KTPManager\\vendor\\laravel\\framework\\src\\Illuminate\\Container\\BoundMethod.php(87): Illuminate\\Container\\BoundMethod::Illuminate\\Container\\{closure}()
#17 M:\\Web\\XAMPP\\htdocs\\KTPManager\\vendor\\laravel\\framework\\src\\Illuminate\\Container\\BoundMethod.php(31): Illuminate\\Container\\BoundMethod::callBoundMethod(Object(Illuminate\\Foundation\\Application), Array, Object(Closure))
#18 M:\\Web\\XAMPP\\htdocs\\KTPManager\\vendor\\laravel\\framework\\src\\Illuminate\\Container\\Container.php(572): Illuminate\\Container\\BoundMethod::call(Object(Illuminate\\Foundation\\Application), Array, Array, NULL)
#19 M:\\Web\\XAMPP\\htdocs\\KTPManager\\vendor\\laravel\\framework\\src\\Illuminate\\Foundation\\Application.php(819): Illuminate\\Container\\Container->call(Array)
#20 M:\\Web\\XAMPP\\htdocs\\KTPManager\\vendor\\laravel\\framework\\src\\Illuminate\\Foundation\\Application.php(802): Illuminate\\Foundation\\Application->bootProvider(Object(App\\Providers\\RouteServiceProvider))
#21 [internal function]: Illuminate\\Foundation\\Application->Illuminate\\Foundation\\{closure}(Object(App\\Providers\\RouteServiceProvider), 22)
#22 M:\\Web\\XAMPP\\htdocs\\KTPManager\\vendor\\laravel\\framework\\src\\Illuminate\\Foundation\\Application.php(803): array_walk(Array, Object(Closure))
#23 M:\\Web\\XAMPP\\htdocs\\KTPManager\\vendor\\laravel\\framework\\src\\Illuminate\\Foundation\\Bootstrap\\BootProviders.php(17): Illuminate\\Foundation\\Application->boot()
#24 M:\\Web\\XAMPP\\htdocs\\KTPManager\\vendor\\laravel\\framework\\src\\Illuminate\\Foundation\\Application.php(211): Illuminate\\Foundation\\Bootstrap\\BootProviders->bootstrap(Object(Illuminate\\Foundation\\Application))
#25 M:\\Web\\XAMPP\\htdocs\\KTPManager\\vendor\\laravel\\framework\\src\\Illuminate\\Foundation\\Http\\Kernel.php(162): Illuminate\\Foundation\\Application->bootstrapWith(Array)
#26 M:\\Web\\XAMPP\\htdocs\\KTPManager\\vendor\\laravel\\framework\\src\\Illuminate\\Foundation\\Http\\Kernel.php(146): Illuminate\\Foundation\\Http\\Kernel->bootstrap()
#27 M:\\Web\\XAMPP\\htdocs\\KTPManager\\vendor\\laravel\\framework\\src\\Illuminate\\Foundation\\Http\\Kernel.php(116): Illuminate\\Foundation\\Http\\Kernel->sendRequestThroughRouter(Object(Illuminate\\Http\\Request))
#28 M:\\Web\\XAMPP\\htdocs\\KTPManager\\public\\index.php(55): Illuminate\\Foundation\\Http\\Kernel->handle(Object(Illuminate\\Http\\Request))
#29 {main}
"} 
